<?xml version="1.0" encoding="UTF-8" ?>
<testsuites disabled="0" errors="0" failures="0" tests="3" time="9.024">
 <testsuite name="basic test" timestamp="2018-05-12T18:57:34" hostname="localhost" time="9.024" errors="0" tests="3" skipped="0" disabled="0" failures="0">
  <testcase classname="basic test" name="should be on correct page" time="0.012" />
  <testcase classname="basic test" name="passes when enough time has passed" time="9.002" />
  <testcase classname="basic test" name="should get the driver" time="0.002" />
 </testsuite>
</testsuites>